Flutter crash report.
Please report a bug at https://github.com/flutter/flutter/issues.

## command

flutter --quiet assemble --depfile D:\Stack_Finance\stack_finance\build\app\intermediates\flutter\release/flutter_build.d --output D:\Stack_Finance\stack_finance\build\app\intermediates\flutter\release -dTargetFile=lib\main.dart -dTargetPlatform=android -dBuildMode=release -dTrackWidgetCreation=true -dTreeShakeIcons=true android_aot_bundle_release_android-arm android_aot_bundle_release_android-arm64 android_aot_bundle_release_android-x64

## exception

FileSystemException: FileSystemException: Cannot resolve symbolic links, path = 'D:\Stack_Finance\stack_finance\.dart_tool\flutter_build\cd04e70b36ad4b37a614072d35a24c14' (OS Error: The system cannot find the path specified.
, errno = 3)

```
#0      FileSystemEntity._throwIfError (dart:io/file_system_entity.dart:818:7)
#1      FileSystemEntity.resolveSymbolicLinksSync (dart:io/file_system_entity.dart:348:5)
#2      ForwardingFileSystemEntity.resolveSymbolicLinksSync (package:file/src/forwarding/forwarding_file_system_entity.dart:56:49)
#3      ForwardingFileSystemEntity.resolveSymbolicLinksSync (package:file/src/forwarding/forwarding_file_system_entity.dart:56:49)
#4      SourceVisitor.visitPattern (package:flutter_tools/src/build_system/source.dart:107:32)
#5      _PatternSource.accept (package:flutter_tools/src/build_system/source.dart:226:49)
#6      Target._resolveConfiguration (package:flutter_tools/src/build_system/build_system.dart:244:14)
#7      Target.resolveInputs (package:flutter_tools/src/build_system/build_system.dart:194:12)
#8      Target._toNode (package:flutter_tools/src/build_system/build_system.dart:147:39)
#9      Target._toNode (package:flutter_tools/src/build_system/build_system.dart:154:58)
#10     Target._toNode (package:flutter_tools/src/build_system/build_system.dart:154:58)
#11     FlutterBuildSystem.build (package:flutter_tools/src/build_system/build_system.dart:552:30)
#12     AssembleCommand.runCommand (package:flutter_tools/src/commands/assemble.dart:220:58)
#13     FlutterCommand.verifyThenRunCommand (package:flutter_tools/src/runner/flutter_command.dart:1157:18)
<asynchronous suspension>
#14     FlutterCommand.run.<anonymous closure> (package:flutter_tools/src/runner/flutter_command.dart:1009:27)
<asynchronous suspension>
#15     AppContext.run.<anonymous closure> (package:flutter_tools/src/base/context.dart:150:19)
<asynchronous suspension>
#16     AppContext.run (package:flutter_tools/src/base/context.dart:149:12)
<asynchronous suspension>
#17     CommandRunner.runCommand (package:args/command_runner.dart:197:13)
<asynchronous suspension>
#18     FlutterCommandRunner.runCommand.<anonymous closure> (package:flutter_tools/src/runner/flutter_command_runner.dart:278:9)
<asynchronous suspension>
#19     AppContext.run.<anonymous closure> (package:flutter_tools/src/base/context.dart:150:19)
<asynchronous suspension>
#20     AppContext.run (package:flutter_tools/src/base/context.dart:149:12)
<asynchronous suspension>
#21     FlutterCommandRunner.runCommand (package:flutter_tools/src/runner/flutter_command_runner.dart:234:5)
<asynchronous suspension>
#22     run.<anonymous closure>.<anonymous closure> (package:flutter_tools/runner.dart:64:9)
<asynchronous suspension>
#23     run.<anonymous closure> (package:flutter_tools/runner.dart:62:12)
<asynchronous suspension>
#24     AppContext.run.<anonymous closure> (package:flutter_tools/src/base/context.dart:150:19)
<asynchronous suspension>
#25     AppContext.run (package:flutter_tools/src/base/context.dart:149:12)
<asynchronous suspension>
#26     runInContext (package:flutter_tools/src/context_runner.dart:73:10)
<asynchronous suspension>
#27     main (package:flutter_tools/executable.dart:90:3)
<asynchronous suspension>
```

## flutter doctor

```
[✓] Flutter (Channel stable, 2.0.5, on Microsoft Windows [Version 10.0.17134.1304], locale en-IN)
    • Flutter version 2.0.5 at C:\src\flutter
    • Framework revision adc687823a (8 days ago), 2021-04-16 09:40:20 -0700
    • Engine revision b09f014e96
    • Dart version 2.12.3

[✓] Android toolchain - develop for Android devices (Android SDK version 28.0.3)
    • Android SDK at C:\Users\shadab.siddiqui\AppData\Local\Android\sdk
    • Platform android-29, build-tools 28.0.3
    • Java binary at: C:\Program Files\Android\Android Studio\jre\bin\java
    • Java version OpenJDK Runtime Environment (build 1.8.0_242-release-1644-b01)
    • All Android licenses accepted.

[✓] Chrome - develop for the web
    • Chrome at C:\Program Files (x86)\Google\Chrome\Application\chrome.exe

[✓] Android Studio (version 4.1.0)
    • Android Studio at C:\Program Files\Android\Android Studio
    • Flutter plugin can be installed from:
      🔨 https://plugins.jetbrains.com/plugin/9212-flutter
    • Dart plugin can be installed from:
      🔨 https://plugins.jetbrains.com/plugin/6351-dart
    • Java version OpenJDK Runtime Environment (build 1.8.0_242-release-1644-b01)

[✓] VS Code, 64-bit edition (version 1.51.0)
    • VS Code at C:\Program Files\Microsoft VS Code
    • Flutter extension can be installed from:
      🔨 https://marketplace.visualstudio.com/items?itemName=Dart-Code.flutter

[✓] Connected device (2 available)
    • GM1911 (mobile) • 99b55b09 • android-arm64  • Android 10 (API 29)
    • Chrome (web)    • chrome   • web-javascript • Google Chrome 89.0.4389.128

• No issues found!
```
